<?xml version="1.0" encoding="UTF-8"?>
<!-- Generated by org.testng.reporters.JUnitReportReporter -->
<testsuite hostname="LAPTOP-IITIC02G" failures="0" tests="1" name="com.medsol.testcases.TC_Doctor_DoctorDepartment_delete" time="17.005" errors="0" timestamp="2023-04-03T15:27:21 IST" skipped="0">
  <testcase classname="com.medsol.testcases.TC_Doctor_DoctorDepartment_delete" name="Doctors_Doctorsdepartmenttest" time="17.005"/>
  <system-out/>
</testsuite> <!-- com.medsol.testcases.TC_Doctor_DoctorDepartment_delete -->
