<?xml version="1.0" encoding="UTF-8"?>
<!-- Generated by org.testng.reporters.JUnitReportReporter -->
<testsuite hostname="LAPTOP-IITIC02G" failures="0" tests="1" name="com.medsol.testcases.TC_Login" time="4.358" errors="0" timestamp="2023-04-03T13:10:57 IST" skipped="0">
  <testcase classname="com.medsol.testcases.TC_Login" name="Login" time="4.358"/>
  <system-out/>
</testsuite> <!-- com.medsol.testcases.TC_Login -->
