<?xml version="1.0" encoding="UTF-8"?>
<!-- Generated by org.testng.reporters.JUnitReportReporter -->
<testsuite hostname="LAPTOP-IITIC02G" failures="0" tests="1" name="com.medsol.testcases.TC_Doctors_Doctorsdepartment_created" time="14.545" errors="0" timestamp="2023-04-03T15:13:42 IST" skipped="0">
  <testcase classname="com.medsol.testcases.TC_Doctors_Doctorsdepartment_created" name="Doctors_Doctorsdepartmenttest" time="14.545"/>
  <system-out/>
</testsuite> <!-- com.medsol.testcases.TC_Doctors_Doctorsdepartment_created -->
