<?xml version="1.0" encoding="UTF-8"?>
<!-- Generated by org.testng.reporters.JUnitReportReporter -->
<testsuite hostname="DESKTOP-RU574JG" failures="0" tests="1" name="com.medsol.testcases.TC_Accountant_Created" time="42.513" errors="0" timestamp="2023-03-30T13:26:19 IST" skipped="0">
  <testcase classname="com.medsol.testcases.TC_Accountant_Created" name="accountantTest" time="42.513"/>
  <system-out/>
</testsuite> <!-- com.medsol.testcases.TC_Accountant_Created -->
