<?xml version="1.0" encoding="UTF-8"?>
<!-- Generated by org.testng.reporters.JUnitReportReporter -->
<testsuite hostname="DESKTOP-64TUEGE" failures="0" tests="1" name="com.medsol1.testcases.TC_Finances_Income_Delete" time="39.836" errors="0" timestamp="2023-08-11T13:16:04 IST" skipped="0">
  <testcase classname="com.medsol1.testcases.TC_Finances_Income_Delete" name="deleteFinanceIncome" time="39.836"/>
  <system-out/>
</testsuite> <!-- com.medsol1.testcases.TC_Finances_Income_Delete -->
