<?xml version="1.0" encoding="UTF-8"?>
<!-- Generated by org.testng.reporters.JUnitReportReporter -->
<testsuite hostname="DESKTOP-64TUEGE" failures="0" tests="1" name="com.medsol1.testcases.TC_Finances_Income_Create" time="66.768" errors="0" timestamp="2023-08-10T17:52:06 IST" skipped="0">
  <testcase classname="com.medsol1.testcases.TC_Finances_Income_Create" name="createFinanceIncome" time="66.768"/>
  <system-out/>
</testsuite> <!-- com.medsol1.testcases.TC_Finances_Income_Create -->
