<?xml version="1.0" encoding="UTF-8"?>
<!-- Generated by org.testng.reporters.JUnitReportReporter -->
<testsuite hostname="DESKTOP-64TUEGE" failures="0" tests="1" name="com.medsol1.testcases.TC_Billing_Accounts_Modified" time="28.915" errors="0" timestamp="2023-08-10T16:36:56 IST" skipped="0">
  <testcase classname="com.medsol1.testcases.TC_Billing_Accounts_Modified" name="modifyBillingAccount" time="28.915"/>
  <system-out/>
</testsuite> <!-- com.medsol1.testcases.TC_Billing_Accounts_Modified -->
