<?xml version="1.0" encoding="UTF-8"?>
<!-- Generated by org.testng.reporters.JUnitReportReporter -->
<testsuite hostname="DESKTOP-64TUEGE" failures="0" tests="1" name="com.medsol1.testcases.TC_Logintest_created" time="11.764" errors="0" timestamp="2023-07-25T17:59:31 IST" skipped="0">
  <testcase classname="com.medsol1.testcases.TC_Logintest_created" name="logintest" time="11.764"/>
  <system-out/>
</testsuite> <!-- com.medsol1.testcases.TC_Logintest_created -->
