<?xml version="1.0" encoding="UTF-8"?>
<!-- Generated by org.testng.reporters.JUnitReportReporter -->
<testsuite hostname="DESKTOP-64TUEGE" failures="0" tests="1" name="com.medsol1.testcases.TC_BedManagement_BedTypes_Modified" time="32.342" errors="0" timestamp="2023-08-10T17:02:24 IST" skipped="0">
  <testcase classname="com.medsol1.testcases.TC_BedManagement_BedTypes_Modified" name="modifyBedTypes" time="32.342"/>
  <system-out/>
</testsuite> <!-- com.medsol1.testcases.TC_BedManagement_BedTypes_Modified -->
