<?xml version="1.0" encoding="UTF-8"?>
<!-- Generated by org.testng.reporters.JUnitReportReporter -->
<testsuite hostname="DESKTOP-64TUEGE" failures="0" tests="1" name="com.medsol1.testcases.TC_Billing_Payments_Delete" time="20.683" errors="0" timestamp="2023-08-10T15:56:36 IST" skipped="0">
  <testcase classname="com.medsol1.testcases.TC_Billing_Payments_Delete" name="DeleteBillingPayments" time="20.683"/>
  <system-out/>
</testsuite> <!-- com.medsol1.testcases.TC_Billing_Payments_Delete -->
