<?xml version="1.0" encoding="UTF-8"?>
<!-- Generated by org.testng.reporters.JUnitReportReporter -->
<testsuite hostname="DESKTOP-64TUEGE" failures="0" tests="1" name="com.medsol1.testcases.TC_Billing_Payments_Create" time="42.283" errors="0" timestamp="2023-08-10T15:46:35 IST" skipped="0">
  <testcase classname="com.medsol1.testcases.TC_Billing_Payments_Create" name="CreateBillingPayments" time="42.283"/>
  <system-out/>
</testsuite> <!-- com.medsol1.testcases.TC_Billing_Payments_Create -->
