<?xml version="1.0" encoding="UTF-8"?>
<!-- Generated by org.testng.reporters.JUnitReportReporter -->
<testsuite hostname="DESKTOP-64TUEGE" failures="0" tests="1" name="com.medsol1.testcases.TC_Billing_Accounts" time="51.314" errors="0" timestamp="2023-08-10T12:25:27 IST" skipped="0">
  <testcase classname="com.medsol1.testcases.TC_Billing_Accounts" name="BillingAccount" time="51.314"/>
  <system-out/>
</testsuite> <!-- com.medsol1.testcases.TC_Billing_Accounts -->
