<?xml version="1.0" encoding="UTF-8"?>
<!-- Generated by org.testng.reporters.JUnitReportReporter -->
<testsuite hostname="DESKTOP-64TUEGE" failures="0" tests="1" name="com.medsol1.testcases.TC_Billing_Accounts_Delete" time="23.213" errors="0" timestamp="2023-08-10T16:36:56 IST" skipped="0">
  <testcase classname="com.medsol1.testcases.TC_Billing_Accounts_Delete" name="deleteBillingAccount" time="23.213"/>
  <system-out/>
</testsuite> <!-- com.medsol1.testcases.TC_Billing_Accounts_Delete -->
