<?xml version="1.0" encoding="UTF-8"?>
<!-- Generated by org.testng.reporters.JUnitReportReporter -->
<testsuite hostname="DESKTOP-64TUEGE" failures="0" tests="1" name="com.medsol1.testcases.TC_Finances_Income_Modified" time="61.933" errors="0" timestamp="2023-08-10T18:06:24 IST" skipped="0">
  <testcase classname="com.medsol1.testcases.TC_Finances_Income_Modified" name="modifyFinanceIncome" time="61.933"/>
  <system-out/>
</testsuite> <!-- com.medsol1.testcases.TC_Finances_Income_Modified -->
