<?xml version="1.0" encoding="UTF-8"?>
<!-- Generated by org.testng.reporters.JUnitReportReporter -->
<testsuite hostname="DESKTOP-64TUEGE" failures="0" tests="1" name="com.medsol1.testcases.TC_BloodBank_BloodDonor" time="90.507" errors="0" timestamp="2023-08-10T15:07:28 IST" skipped="0">
  <testcase classname="com.medsol1.testcases.TC_BloodBank_BloodDonor" name="bloodDonors" time="90.507"/>
  <system-out/>
</testsuite> <!-- com.medsol1.testcases.TC_BloodBank_BloodDonor -->
