<?xml version="1.0" encoding="UTF-8"?>
<!-- Generated by org.testng.reporters.JUnitReportReporter -->
<testsuite hostname="DESKTOP-64TUEGE" failures="0" tests="1" name="com.medsol1.testcases.TC_BloodBank_BloodDonor_Modified" time="38.142" errors="0" timestamp="2023-08-10T17:22:31 IST" skipped="0">
  <testcase classname="com.medsol1.testcases.TC_BloodBank_BloodDonor_Modified" name="modifyBloodDonors" time="38.142"/>
  <system-out/>
</testsuite> <!-- com.medsol1.testcases.TC_BloodBank_BloodDonor_Modified -->
