<?xml version="1.0" encoding="UTF-8"?>
<!-- Generated by org.testng.reporters.JUnitReportReporter -->
<testsuite hostname="user-PC" failures="0" tests="1" name="com.medsol.testcases.TC_Admin_created" time="19.750" errors="0" timestamp="2023-02-08T16:01:08 IST" skipped="0">
  <testcase classname="com.medsol.testcases.TC_Admin_created" name="Admintest" time="19.750"/>
  <system-out/>
</testsuite> <!-- com.medsol.testcases.TC_Admin_created -->
