<?xml version="1.0" encoding="UTF-8"?>
<!-- Generated by org.testng.reporters.JUnitReportReporter -->
<testsuite hostname="user-PC" failures="0" tests="1" name="com.medsol.testcases.TC_Bedmanagement_005" time="18.581" errors="0" timestamp="2023-02-06T14:19:00 IST" skipped="0">
  <testcase classname="com.medsol.testcases.TC_Bedmanagement_005" name="Bedmanagementtest" time="18.581"/>
  <system-out/>
</testsuite> <!-- com.medsol.testcases.TC_Bedmanagement_005 -->
