<?xml version="1.0" encoding="UTF-8"?>
<!-- Generated by org.testng.reporters.JUnitReportReporter -->
<testsuite hostname="user-PC" failures="0" tests="1" name="com.medsol.testcases.TC_Bedmanagement_created" time="13.072" errors="0" timestamp="2023-02-08T17:31:52 IST" skipped="0">
  <testcase classname="com.medsol.testcases.TC_Bedmanagement_created" name="Bedmanagementtest" time="13.072"/>
  <system-out/>
</testsuite> <!-- com.medsol.testcases.TC_Bedmanagement_created -->
