<?xml version="1.0" encoding="UTF-8"?>
<!-- Generated by org.testng.reporters.JUnitReportReporter -->
<testsuite hostname="user-PC" failures="0" tests="1" name="com.medsol.testcases.TC_Logintest_001" time="17.946" errors="0" timestamp="2023-02-05T22:27:17 IST" skipped="0">
  <testcase classname="com.medsol.testcases.TC_Logintest_001" name="logintest" time="17.946"/>
  <system-out/>
</testsuite> <!-- com.medsol.testcases.TC_Logintest_001 -->
