<?xml version="1.0" encoding="UTF-8"?>
<!-- Generated by org.testng.reporters.JUnitReportReporter -->
<testsuite hostname="user-PC" failures="0" tests="1" name="com.medsol.testcases.TC_Payments_created" time="24.997" errors="0" timestamp="2023-02-08T19:58:54 IST" skipped="0">
  <testcase classname="com.medsol.testcases.TC_Payments_created" name="Paymentstest" time="24.997"/>
  <system-out/>
</testsuite> <!-- com.medsol.testcases.TC_Payments_created -->
