<?xml version="1.0" encoding="UTF-8"?>
<!-- Generated by org.testng.reporters.JUnitReportReporter -->
<testsuite hostname="user-PC" failures="0" tests="1" name="com.medsol.testcases.TC_Billings_004" time="19.052" errors="0" timestamp="2023-02-03T17:25:04 IST" skipped="0">
  <testcase classname="com.medsol.testcases.TC_Billings_004" name="Billingstest" time="19.052"/>
  <system-out/>
</testsuite> <!-- com.medsol.testcases.TC_Billings_004 -->
