<?xml version="1.0" encoding="UTF-8"?>
<!-- Generated by org.testng.reporters.JUnitReportReporter -->
<testsuite hostname="user-PC" failures="0" tests="1" name="com.medsol.testcases.TC_Bloodbanktest_006" time="13.049" errors="0" timestamp="2023-02-06T14:55:11 IST" skipped="0">
  <testcase classname="com.medsol.testcases.TC_Bloodbanktest_006" name="Bloodbanktest" time="13.049"/>
  <system-out/>
</testsuite> <!-- com.medsol.testcases.TC_Bloodbanktest_006 -->
