<?xml version="1.0" encoding="UTF-8"?>
<!-- Generated by org.testng.reporters.JUnitReportReporter -->
<testsuite hostname="user-PC" failures="0" tests="1" name="com.medsol.testcases.TC_Admin_002" time="22.017" errors="0" timestamp="2023-02-06T14:00:46 IST" skipped="0">
  <testcase classname="com.medsol.testcases.TC_Admin_002" name="Admintest" time="22.017"/>
  <system-out/>
</testsuite> <!-- com.medsol.testcases.TC_Admin_002 -->
