<?xml version="1.0" encoding="UTF-8"?>
<!-- Generated by org.testng.reporters.JUnitReportReporter -->
<testsuite hostname="user-PC" failures="0" tests="1" name="com.medsol.testcases.TC_Bloodbanktest_created" time="13.011" errors="0" timestamp="2023-02-08T17:43:31 IST" skipped="0">
  <testcase classname="com.medsol.testcases.TC_Bloodbanktest_created" name="Bloodbanktest" time="13.011"/>
  <system-out/>
</testsuite> <!-- com.medsol.testcases.TC_Bloodbanktest_created -->
