<?xml version="1.0" encoding="UTF-8"?>
<!-- Generated by org.testng.reporters.JUnitReportReporter -->
<testsuite hostname="LAPTOP-CT89GU8S" failures="0" tests="1" name="com.medsol1.testcases.Tc_Bloodbank" time="14.458" errors="0" timestamp="2023-04-03T12:30:31 IST" skipped="0">
  <testcase classname="com.medsol1.testcases.Tc_Bloodbank" name="Bloodbank" time="14.458"/>
  <system-out/>
</testsuite> <!-- com.medsol1.testcases.Tc_Bloodbank -->
