<?xml version="1.0" encoding="UTF-8"?>
<!-- Generated by org.testng.reporters.JUnitReportReporter -->
<testsuite hostname="DESKTOP-8L2HNK7" failures="0" tests="1" name="com.medsol1.testcases.TC_BloodBank_BloodDonation_Modified" time="53.789" errors="0" timestamp="2023-08-14T20:58:56 IST" skipped="0">
  <testcase classname="com.medsol1.testcases.TC_BloodBank_BloodDonation_Modified" name="Bloodbank_BloodDonationstest" time="53.789"/>
  <system-out/>
</testsuite> <!-- com.medsol1.testcases.TC_BloodBank_BloodDonation_Modified -->
