<?xml version="1.0" encoding="UTF-8"?>
<!-- Generated by org.testng.reporters.JUnitReportReporter -->
<testsuite hostname="DESKTOP-8L2HNK7" failures="0" tests="1" name="com.medsol1.testcases.TC_Document_Delete" time="77.136" errors="0" timestamp="2023-08-14T20:51:26 IST" skipped="0">
  <testcase classname="com.medsol1.testcases.TC_Document_Delete" name="Documenttest" time="77.136"/>
  <system-out/>
</testsuite> <!-- com.medsol1.testcases.TC_Document_Delete -->
