<?xml version="1.0" encoding="UTF-8"?>
<!-- Generated by org.testng.reporters.JUnitReportReporter -->
<testsuite hostname="DESKTOP-8L2HNK7" failures="0" tests="1" name="com.medsol1.testcases.TC_Document_Created" time="77.442" errors="0" timestamp="2023-08-11T11:01:43 IST" skipped="0">
  <testcase classname="com.medsol1.testcases.TC_Document_Created" name="Documenttest" time="77.442"/>
  <system-out/>
</testsuite> <!-- com.medsol1.testcases.TC_Document_Created -->
