<?xml version="1.0" encoding="UTF-8"?>
<!-- Generated by org.testng.reporters.JUnitReportReporter -->
<testsuite hostname="DESKTOP-8L2HNK7" failures="0" tests="1" name="com.medsol1.testcases.TC_BillingAccountDelete" time="31.771" errors="0" timestamp="2023-08-14T21:53:41 IST" skipped="0">
  <testcase classname="com.medsol1.testcases.TC_BillingAccountDelete" name="Billingsdelete" time="31.771"/>
  <system-out/>
</testsuite> <!-- com.medsol1.testcases.TC_BillingAccountDelete -->
