<?xml version="1.0" encoding="UTF-8"?>
<!-- Generated by org.testng.reporters.JUnitReportReporter -->
<testsuite hostname="DESKTOP-QJ2BC7G" failures="0" tests="3" name="com.medsol1.testcases.TC_Billings" time="87.827" errors="0" timestamp="2023-08-16T00:21:45 IST" skipped="0">
  <testcase classname="com.medsol1.testcases.TC_Billings" name="billing_test" time="58.382"/>
  <system-out/>
  <testcase classname="com.medsol1.testcases.TC_Billings" name="editbilling_test" time="27.686"/>
  <system-out/>
  <testcase classname="com.medsol1.testcases.TC_Billings" name="deleteilling_test" time="1.759"/>
  <system-out/>
</testsuite> <!-- com.medsol1.testcases.TC_Billings -->
