<?xml version="1.0" encoding="UTF-8"?>
<!-- Generated by org.testng.reporters.JUnitReportReporter -->
<testsuite hostname="DESKTOP-8L2HNK7" failures="0" tests="1" name="com.medsol1.testcases.TC_Admin_created" time="70.979" errors="0" timestamp="2023-08-01T19:44:15 IST" skipped="0">
  <testcase classname="com.medsol1.testcases.TC_Admin_created" name="Admintest" time="70.979"/>
  <system-out/>
</testsuite> <!-- com.medsol1.testcases.TC_Admin_created -->
