<?xml version="1.0" encoding="UTF-8"?>
<!-- Generated by org.testng.reporters.JUnitReportReporter -->
<testsuite hostname="DESKTOP-8L2HNK7" failures="0" tests="1" name="com.medsol1.testcases.TC_BloodBank_BloodDonor_Created" time="35.334" errors="0" timestamp="2023-08-14T21:03:03 IST" skipped="0">
  <testcase classname="com.medsol1.testcases.TC_BloodBank_BloodDonor_Created" name="BloodBank_BloodDonortest" time="35.334"/>
  <system-out/>
</testsuite> <!-- com.medsol1.testcases.TC_BloodBank_BloodDonor_Created -->
