<?xml version="1.0" encoding="UTF-8"?>
<!-- Generated by org.testng.reporters.JUnitReportReporter -->
<testsuite hostname="DESKTOP-8L2HNK7" failures="0" tests="1" name="com.medsol1.testcases.TC_BloodBank_BloodDonor_Modified" time="43.895" errors="0" timestamp="2023-08-14T21:08:09 IST" skipped="0">
  <testcase classname="com.medsol1.testcases.TC_BloodBank_BloodDonor_Modified" name="BloodBank_BloodDonortest" time="43.895"/>
  <system-out/>
</testsuite> <!-- com.medsol1.testcases.TC_BloodBank_BloodDonor_Modified -->
