<?xml version="1.0" encoding="UTF-8"?>
<!-- Generated by org.testng.reporters.JUnitReportReporter -->
<testsuite hostname="DESKTOP-8L2HNK7" failures="0" tests="1" name="com.medsol1.testcases.TC_BloodBank_BloodDonation_Created" time="55.446" errors="0" timestamp="2023-08-16T12:22:33 IST" skipped="0">
  <testcase classname="com.medsol1.testcases.TC_BloodBank_BloodDonation_Created" name="Bloodbank_BloodDonationstest" time="55.446"/>
  <system-out/>
</testsuite> <!-- com.medsol1.testcases.TC_BloodBank_BloodDonation_Created -->
