<?xml version="1.0" encoding="UTF-8"?>
<!-- Generated by org.testng.reporters.JUnitReportReporter -->
<testsuite hostname="DESKTOP-8L2HNK7" failures="0" tests="1" name="com.medsol1.testcases.TC_BloodBankCreated" time="28.559" errors="0" timestamp="2023-08-14T21:35:54 IST" skipped="0">
  <testcase classname="com.medsol1.testcases.TC_BloodBankCreated" name="BloodBankCreated" time="28.559"/>
  <system-out/>
</testsuite> <!-- com.medsol1.testcases.TC_BloodBankCreated -->
