<?xml version="1.0" encoding="UTF-8"?>
<!-- Generated by org.testng.reporters.JUnitReportReporter -->
<testsuite hostname="DESKTOP-8L2HNK7" failures="0" tests="1" name="com.medsol1.testcases.TC_BloodBankModified" time="28.292" errors="0" timestamp="2023-08-14T21:45:51 IST" skipped="0">
  <testcase classname="com.medsol1.testcases.TC_BloodBankModified" name="Bloodbanktest" time="28.292"/>
  <system-out/>
</testsuite> <!-- com.medsol1.testcases.TC_BloodBankModified -->
