<?xml version="1.0" encoding="UTF-8"?>
<!-- Generated by org.testng.reporters.JUnitReportReporter -->
<testsuite hostname="user-PC" failures="0" tests="1" name="com.medsol1.testcases.TC_Logintest_created" time="8.059" errors="0" timestamp="2023-02-20T16:25:44 IST" skipped="0">
  <testcase classname="com.medsol1.testcases.TC_Logintest_created" name="logintest" time="8.059"/>
  <system-out/>
</testsuite> <!-- com.medsol1.testcases.TC_Logintest_created -->
